c:\2d-engine\build\engine.dir\debug\vc142.pdb
c:\2d-engine\build\engine.dir\debug\stb_image.obj
c:\2d-engine\build\engine.dir\debug\main.obj
c:\2d-engine\build\engine.dir\debug\imgui_widgets.obj
c:\2d-engine\build\engine.dir\debug\imgui_tables.obj
c:\2d-engine\build\engine.dir\debug\imgui_impl_opengl3.obj
c:\2d-engine\build\engine.dir\debug\imgui_impl_glfw.obj
c:\2d-engine\build\engine.dir\debug\imgui_draw.obj
c:\2d-engine\build\engine.dir\debug\imgui_demo.obj
c:\2d-engine\build\engine.dir\debug\imgui.obj
c:\2d-engine\build\cmakefiles\generate.stamp
c:\2d-engine\build\engine.dir\debug\engine.ilk
c:\2d-engine\build\debug\engine.exe
c:\2d-engine\build\debug\engine.pdb
c:\2d-engine\build\engine.dir\debug\engine.tlog\cl.command.1.tlog
c:\2d-engine\build\engine.dir\debug\engine.tlog\cl.read.1.tlog
c:\2d-engine\build\engine.dir\debug\engine.tlog\cl.write.1.tlog
c:\2d-engine\build\engine.dir\debug\engine.tlog\custombuild.command.1.tlog
c:\2d-engine\build\engine.dir\debug\engine.tlog\custombuild.read.1.tlog
c:\2d-engine\build\engine.dir\debug\engine.tlog\custombuild.write.1.tlog
c:\2d-engine\build\engine.dir\debug\engine.tlog\link.command.1.tlog
c:\2d-engine\build\engine.dir\debug\engine.tlog\link.read.1.tlog
c:\2d-engine\build\engine.dir\debug\engine.tlog\link.write.1.tlog
